<?xml version="1.0" encoding="UTF-8"?>
<!-- Generated by org.testng.reporters.JUnitReportReporter -->
<testsuite skipped="0" hostname="node19" name="SortTest" tests="38" failures="2" timestamp="10 Dec 2016 05:50:01 GMT" time="0.247" errors="0">
  <testcase name="testSort_ACB" time="0.001" classname="SortTest"/>
  <testcase name="testSort_BCA" time="0.001" classname="SortTest"/>
  <testcase name="testSortComparator_CBA" time="0.001" classname="SortTest"/>
  <testcase name="testSortComparator_BigList" time="0.089" classname="SortTest">
    <failure type="java.lang.AssertionError" message="expected [true] but found [false]">
      <![CDATA[java.lang.AssertionError: expected [true] but found [false]
	at org.testng.Assert.fail(Assert.java:94)
	at org.testng.Assert.failNotEquals(Assert.java:513)
	at org.testng.Assert.assertTrue(Assert.java:42)
	at org.testng.Assert.assertTrue(Assert.java:52)
	at Sort_TestCase.sort(Sort_TestCase.java:93)
	at SortTest.testSortComparator_BigList(SortTest.java:508)
	at sun.reflect.NativeMethodAccessorImpl.invoke0(Native Method)
	at sun.reflect.NativeMethodAccessorImpl.invoke(NativeMethodAccessorImpl.java:62)
	at sun.reflect.DelegatingMethodAccessorImpl.invoke(DelegatingMethodAccessorImpl.java:43)
	at java.lang.reflect.Method.invoke(Method.java:497)
	at org.testng.internal.MethodInvocationHelper.invokeMethod(MethodInvocationHelper.java:100)
	at org.testng.internal.Invoker.invokeMethod(Invoker.java:646)
	at org.testng.internal.Invoker.invokeTestMethod(Invoker.java:811)
	at org.testng.internal.Invoker.invokeTestMethods(Invoker.java:1137)
	at org.testng.internal.TestMethodWorker.invokeTestMethods(TestMethodWorker.java:129)
	at org.testng.internal.TestMethodWorker.run(TestMethodWorker.java:112)
	at org.testng.TestRunner.privateRun(TestRunner.java:753)
	at org.testng.TestRunner.run(TestRunner.java:607)
	at org.testng.SuiteRunner.runTest(SuiteRunner.java:368)
	at org.testng.SuiteRunner.runSequentially(SuiteRunner.java:363)
	at org.testng.SuiteRunner.privateRun(SuiteRunner.java:321)
	at org.testng.SuiteRunner.run(SuiteRunner.java:270)
	at org.testng.SuiteRunnerWorker.runSuite(SuiteRunnerWorker.java:52)
	at org.testng.SuiteRunnerWorker.run(SuiteRunnerWorker.java:86)
	at org.testng.TestNG.runSuitesSequentially(TestNG.java:1284)
	at org.testng.TestNG.runSuitesLocally(TestNG.java:1209)
	at org.testng.TestNG.runSuites(TestNG.java:1124)
	at org.testng.TestNG.run(TestNG.java:1096)
	at org.testng.remote.AbstractRemoteTestNG.run(AbstractRemoteTestNG.java:132)
	at org.testng.remote.RemoteTestNG.initAndRun(RemoteTestNG.java:236)
	at org.testng.remote.RemoteTestNG.main(RemoteTestNG.java:81)
]]>
    </failure>
  </testcase> <!-- testSortComparator_BigList -->
  <testcase name="testSort_ABC" time="0.001" classname="SortTest"/>
  <testcase name="testSortComparator_BAC" time="0.000" classname="SortTest"/>
  <testcase name="testSortComparator_AA" time="0.003" classname="SortTest"/>
  <testcase name="testSort_AA" time="0.001" classname="SortTest"/>
  <testcase name="testSortComparator_BCA" time="0.001" classname="SortTest"/>
  <testcase name="testSortComparator_BAB" time="0.001" classname="SortTest"/>
  <testcase name="testSortComparator_BAA" time="0.001" classname="SortTest"/>
  <testcase name="testSort_AAB" time="0.000" classname="SortTest"/>
  <testcase name="testSortComparator_CADB" time="0.000" classname="SortTest"/>
  <testcase name="testSort_AB" time="0.000" classname="SortTest"/>
  <testcase name="testSort_BAC" time="0.000" classname="SortTest"/>
  <testcase name="testSort_CBA" time="0.002" classname="SortTest"/>
  <testcase name="testSortComparator_ACB" time="0.001" classname="SortTest"/>
  <testcase name="testSort_CACB" time="0.001" classname="SortTest"/>
  <testcase name="testSortComparator_BA" time="0.001" classname="SortTest"/>
  <testcase name="testSortComparator_ABC" time="0.001" classname="SortTest"/>
  <testcase name="testSortComparator_CACB" time="0.001" classname="SortTest"/>
  <testcase name="testSort_BA" time="0.000" classname="SortTest"/>
  <testcase name="testSort_CADB" time="0.005" classname="SortTest"/>
  <testcase name="testSortComparator_AB" time="0.000" classname="SortTest"/>
  <testcase name="testSortComparator_A" time="0.006" classname="SortTest"/>
  <testcase name="testSortComparator_BDAC" time="0.001" classname="SortTest"/>
  <testcase name="testSort_A" time="0.000" classname="SortTest"/>
  <testcase name="testSort_CAB" time="0.001" classname="SortTest"/>
  <testcase name="testSort_BDAC" time="0.001" classname="SortTest"/>
  <testcase name="testSortComparator_AAB" time="0.001" classname="SortTest"/>
  <testcase name="testSortComparator_newList" time="0.000" classname="SortTest"/>
  <testcase name="testSort_BAB" time="0.000" classname="SortTest"/>
  <testcase name="testSort_BAA" time="0.000" classname="SortTest"/>
  <testcase name="testSortComparator_ABA" time="0.001" classname="SortTest"/>
  <testcase name="testSort_newList" time="0.001" classname="SortTest"/>
  <testcase name="testSortComparator_CAB" time="0.000" classname="SortTest"/>
  <testcase name="testSort_ABA" time="0.001" classname="SortTest"/>
  <testcase name="testSort_BigList" time="0.122" classname="SortTest">
    <failure type="java.lang.AssertionError" message="expected [true] but found [false]">
      <![CDATA[java.lang.AssertionError: expected [true] but found [false]
	at org.testng.Assert.fail(Assert.java:94)
	at org.testng.Assert.failNotEquals(Assert.java:513)
	at org.testng.Assert.assertTrue(Assert.java:42)
	at org.testng.Assert.assertTrue(Assert.java:52)
	at Sort_TestCase.sort(Sort_TestCase.java:77)
	at SortTest.testSort_BigList(SortTest.java:497)
	at sun.reflect.NativeMethodAccessorImpl.invoke0(Native Method)
	at sun.reflect.NativeMethodAccessorImpl.invoke(NativeMethodAccessorImpl.java:62)
	at sun.reflect.DelegatingMethodAccessorImpl.invoke(DelegatingMethodAccessorImpl.java:43)
	at java.lang.reflect.Method.invoke(Method.java:497)
	at org.testng.internal.MethodInvocationHelper.invokeMethod(MethodInvocationHelper.java:100)
	at org.testng.internal.Invoker.invokeMethod(Invoker.java:646)
	at org.testng.internal.Invoker.invokeTestMethod(Invoker.java:811)
	at org.testng.internal.Invoker.invokeTestMethods(Invoker.java:1137)
	at org.testng.internal.TestMethodWorker.invokeTestMethods(TestMethodWorker.java:129)
	at org.testng.internal.TestMethodWorker.run(TestMethodWorker.java:112)
	at org.testng.TestRunner.privateRun(TestRunner.java:753)
	at org.testng.TestRunner.run(TestRunner.java:607)
	at org.testng.SuiteRunner.runTest(SuiteRunner.java:368)
	at org.testng.SuiteRunner.runSequentially(SuiteRunner.java:363)
	at org.testng.SuiteRunner.privateRun(SuiteRunner.java:321)
	at org.testng.SuiteRunner.run(SuiteRunner.java:270)
	at org.testng.SuiteRunnerWorker.runSuite(SuiteRunnerWorker.java:52)
	at org.testng.SuiteRunnerWorker.run(SuiteRunnerWorker.java:86)
	at org.testng.TestNG.runSuitesSequentially(TestNG.java:1284)
	at org.testng.TestNG.runSuitesLocally(TestNG.java:1209)
	at org.testng.TestNG.runSuites(TestNG.java:1124)
	at org.testng.TestNG.run(TestNG.java:1096)
	at org.testng.remote.AbstractRemoteTestNG.run(AbstractRemoteTestNG.java:132)
	at org.testng.remote.RemoteTestNG.initAndRun(RemoteTestNG.java:236)
	at org.testng.remote.RemoteTestNG.main(RemoteTestNG.java:81)
]]>
    </failure>
  </testcase> <!-- testSort_BigList -->
</testsuite> <!-- SortTest -->
